mode: atomic
github.com/flag-ai/commons/internal/testutil/testutil.go:10.46,14.19 4 0
github.com/flag-ai/commons/internal/testutil/testutil.go:14.19,15.14 1 0
github.com/flag-ai/commons/internal/testutil/testutil.go:15.14,17.4 1 0
github.com/flag-ai/commons/internal/testutil/testutil.go:17.9,19.4 1 0
github.com/flag-ai/commons/internal/testutil/testutil.go:24.41,28.19 4 0
github.com/flag-ai/commons/internal/testutil/testutil.go:28.19,29.14 1 0
github.com/flag-ai/commons/internal/testutil/testutil.go:29.14,31.4 1 0
github.com/flag-ai/commons/config/base.go:33.96,34.21 1 4
github.com/flag-ai/commons/config/base.go:34.21,36.3 1 1
github.com/flag-ai/commons/config/base.go:38.2,39.16 2 3
github.com/flag-ai/commons/config/base.go:39.16,41.3 1 1
github.com/flag-ai/commons/config/base.go:43.2,49.8 1 2
github.com/flag-ai/commons/config/base.go:53.38,58.2 1 1
github.com/flag-ai/commons/database/migrate.go:15.73,17.16 2 1
github.com/flag-ai/commons/database/migrate.go:17.16,19.3 1 1
github.com/flag-ai/commons/database/migrate.go:20.2,22.19 2 0
github.com/flag-ai/commons/database/migrate.go:22.19,24.3 1 0
github.com/flag-ai/commons/database/migrate.go:26.2,26.61 1 0
github.com/flag-ai/commons/database/migrate.go:26.61,28.3 1 0
github.com/flag-ai/commons/database/migrate.go:30.2,31.19 2 0
github.com/flag-ai/commons/database/migrate.go:31.19,33.3 1 0
github.com/flag-ai/commons/database/migrate.go:35.2,35.12 1 0
github.com/flag-ai/commons/database/pool.go:27.39,28.29 1 1
github.com/flag-ai/commons/database/pool.go:28.29,30.3 1 0
github.com/flag-ai/commons/database/pool.go:34.39,35.29 1 1
github.com/flag-ai/commons/database/pool.go:35.29,37.3 1 0
github.com/flag-ai/commons/database/pool.go:41.54,42.29 1 1
github.com/flag-ai/commons/database/pool.go:42.29,44.3 1 0
github.com/flag-ai/commons/database/pool.go:48.54,49.29 1 1
github.com/flag-ai/commons/database/pool.go:49.29,51.3 1 0
github.com/flag-ai/commons/database/pool.go:55.56,56.29 1 1
github.com/flag-ai/commons/database/pool.go:56.29,58.3 1 0
github.com/flag-ai/commons/database/pool.go:62.53,63.29 1 1
github.com/flag-ai/commons/database/pool.go:63.29,65.3 1 0
github.com/flag-ai/commons/database/pool.go:69.94,77.27 2 1
github.com/flag-ai/commons/database/pool.go:77.27,79.3 1 0
github.com/flag-ai/commons/database/pool.go:81.2,82.16 2 1
github.com/flag-ai/commons/database/pool.go:82.16,84.3 1 1
github.com/flag-ai/commons/database/pool.go:86.2,93.16 7 0
github.com/flag-ai/commons/database/pool.go:93.16,95.3 1 0
github.com/flag-ai/commons/database/pool.go:97.2,97.23 1 0
github.com/flag-ai/commons/database/pool.go:97.23,102.3 1 0
github.com/flag-ai/commons/database/pool.go:104.2,104.18 1 0
github.com/flag-ai/commons/version/version.go:18.20,20.2 1 2
github.com/flag-ai/commons/logging/context.go:11.76,13.2 1 1
github.com/flag-ai/commons/logging/context.go:16.52,17.62 1 2
github.com/flag-ai/commons/logging/context.go:17.62,19.3 1 1
github.com/flag-ai/commons/logging/context.go:20.2,20.23 1 1
github.com/flag-ai/commons/logging/logging.go:31.41,32.26 1 1
github.com/flag-ai/commons/logging/logging.go:32.26,34.3 1 1
github.com/flag-ai/commons/logging/logging.go:38.39,39.26 1 2
github.com/flag-ai/commons/logging/logging.go:39.26,41.3 1 2
github.com/flag-ai/commons/logging/logging.go:45.37,46.26 1 3
github.com/flag-ai/commons/logging/logging.go:46.26,48.3 1 3
github.com/flag-ai/commons/logging/logging.go:52.57,58.27 2 3
github.com/flag-ai/commons/logging/logging.go:58.27,60.3 1 6
github.com/flag-ai/commons/logging/logging.go:62.2,65.20 3 3
github.com/flag-ai/commons/logging/logging.go:66.18,67.57 1 1
github.com/flag-ai/commons/logging/logging.go:68.10,69.57 1 2
github.com/flag-ai/commons/logging/logging.go:72.2,75.3 1 3
github.com/flag-ai/commons/logging/logging.go:80.38,81.47 1 8
github.com/flag-ai/commons/logging/logging.go:82.15,83.25 1 2
github.com/flag-ai/commons/logging/logging.go:84.25,85.24 1 2
github.com/flag-ai/commons/logging/logging.go:86.15,87.25 1 1
github.com/flag-ai/commons/logging/logging.go:88.10,89.24 1 3
github.com/flag-ai/commons/health/checker.go:36.26,41.2 1 13
github.com/flag-ai/commons/health/database.go:15.62,17.2 1 1
github.com/flag-ai/commons/health/database.go:20.41,22.2 1 1
github.com/flag-ai/commons/health/database.go:25.60,27.2 1 0
github.com/flag-ai/commons/health/http.go:18.52,24.2 1 3
github.com/flag-ai/commons/health/http.go:27.37,29.2 1 1
github.com/flag-ai/commons/health/http.go:32.56,34.16 2 3
github.com/flag-ai/commons/health/http.go:34.16,36.3 1 0
github.com/flag-ai/commons/health/http.go:38.2,39.16 2 3
github.com/flag-ai/commons/health/http.go:39.16,41.3 1 1
github.com/flag-ai/commons/health/http.go:42.2,44.53 2 2
github.com/flag-ai/commons/health/http.go:44.53,46.3 1 1
github.com/flag-ai/commons/health/http.go:48.2,48.12 1 1
github.com/flag-ai/commons/health/registry.go:16.30,18.2 1 4
github.com/flag-ai/commons/health/registry.go:21.40,25.2 3 104
github.com/flag-ai/commons/health/registry.go:28.56,35.24 6 13
github.com/flag-ai/commons/health/registry.go:35.24,37.3 1 11
github.com/flag-ai/commons/health/registry.go:39.2,42.29 3 2
github.com/flag-ai/commons/health/registry.go:42.29,44.37 2 4
github.com/flag-ai/commons/health/registry.go:44.37,56.18 6 4
github.com/flag-ai/commons/health/registry.go:56.18,58.5 1 1
github.com/flag-ai/commons/health/registry.go:59.4,59.20 1 4
github.com/flag-ai/commons/health/registry.go:63.2,65.28 2 2
github.com/flag-ai/commons/health/registry.go:65.28,67.17 2 4
github.com/flag-ai/commons/health/registry.go:67.17,69.4 1 1
github.com/flag-ai/commons/health/registry.go:72.2,72.15 1 2
github.com/flag-ai/commons/secrets/env.go:13.36,15.2 1 3
github.com/flag-ai/commons/secrets/env.go:18.74,20.9 2 2
github.com/flag-ai/commons/secrets/env.go:20.9,22.3 1 1
github.com/flag-ai/commons/secrets/env.go:23.2,23.17 1 1
github.com/flag-ai/commons/secrets/env.go:27.86,28.38 1 2
github.com/flag-ai/commons/secrets/env.go:28.38,30.3 1 1
github.com/flag-ai/commons/secrets/env.go:31.2,31.19 1 1
github.com/flag-ai/commons/secrets/factory.go:19.84,20.22 1 5
github.com/flag-ai/commons/secrets/factory.go:21.19,22.31 1 1
github.com/flag-ai/commons/secrets/factory.go:23.23,25.17 2 3
github.com/flag-ai/commons/secrets/factory.go:25.17,27.4 1 1
github.com/flag-ai/commons/secrets/factory.go:28.3,29.18 2 2
github.com/flag-ai/commons/secrets/factory.go:29.18,31.4 1 1
github.com/flag-ai/commons/secrets/factory.go:32.3,33.20 2 1
github.com/flag-ai/commons/secrets/factory.go:33.20,35.4 1 0
github.com/flag-ai/commons/secrets/factory.go:36.3,36.55 1 1
github.com/flag-ai/commons/secrets/factory.go:37.10,38.76 1 1
github.com/flag-ai/commons/secrets/openbao.go:36.52,37.34 1 0
github.com/flag-ai/commons/secrets/openbao.go:37.34,39.3 1 0
github.com/flag-ai/commons/secrets/openbao.go:43.56,44.34 1 0
github.com/flag-ai/commons/secrets/openbao.go:44.34,46.3 1 0
github.com/flag-ai/commons/secrets/openbao.go:50.44,51.34 1 1
github.com/flag-ai/commons/secrets/openbao.go:51.34,53.3 1 1
github.com/flag-ai/commons/secrets/openbao.go:59.85,68.27 2 9
github.com/flag-ai/commons/secrets/openbao.go:68.27,70.3 1 1
github.com/flag-ai/commons/secrets/openbao.go:71.2,71.10 1 9
github.com/flag-ai/commons/secrets/openbao.go:84.80,88.37 2 9
github.com/flag-ai/commons/secrets/openbao.go:88.37,90.3 1 1
github.com/flag-ai/commons/secrets/openbao.go:92.2,93.16 2 8
github.com/flag-ai/commons/secrets/openbao.go:93.16,95.3 1 3
github.com/flag-ai/commons/secrets/openbao.go:97.2,98.17 2 5
github.com/flag-ai/commons/secrets/openbao.go:102.92,104.16 2 2
github.com/flag-ai/commons/secrets/openbao.go:104.16,107.3 2 1
github.com/flag-ai/commons/secrets/openbao.go:108.2,108.12 1 1
github.com/flag-ai/commons/secrets/openbao.go:111.96,115.16 3 8
github.com/flag-ai/commons/secrets/openbao.go:115.16,117.3 1 0
github.com/flag-ai/commons/secrets/openbao.go:118.2,121.16 3 8
github.com/flag-ai/commons/secrets/openbao.go:121.16,123.3 1 1
github.com/flag-ai/commons/secrets/openbao.go:124.2,126.38 2 7
github.com/flag-ai/commons/secrets/openbao.go:126.38,129.3 2 1
github.com/flag-ai/commons/secrets/openbao.go:131.2,132.67 2 6
github.com/flag-ai/commons/secrets/openbao.go:132.67,134.3 1 0
github.com/flag-ai/commons/secrets/openbao.go:136.2,137.9 2 6
github.com/flag-ai/commons/secrets/openbao.go:137.9,139.3 1 1
github.com/flag-ai/commons/secrets/openbao.go:141.2,142.9 2 5
github.com/flag-ai/commons/secrets/openbao.go:142.9,144.3 1 0
github.com/flag-ai/commons/secrets/openbao.go:146.2,146.20 1 5
github.com/flag-ai/commons/secrets/openbao.go:149.64,153.44 4 9
github.com/flag-ai/commons/secrets/openbao.go:153.44,155.3 1 8
github.com/flag-ai/commons/secrets/openbao.go:156.2,156.26 1 1
github.com/flag-ai/commons/secrets/openbao.go:159.73,163.2 3 5
github.com/flag-ai/commons/secrets/openbao.go:167.44,168.21 1 9
github.com/flag-ai/commons/secrets/openbao.go:168.21,169.20 1 99
github.com/flag-ai/commons/secrets/openbao.go:169.20,171.4 1 2
github.com/flag-ai/commons/secrets/openbao.go:173.2,173.21 1 7
